  main.cpp
src\main.cpp(15): warning C4996: 'fopen': This function or variable may be unsafe. Consider using fopen_s instead. To disable deprecation, use _CRT_SECURE_NO_WARNINGS. See online help for details.
  C:\Program Files (x86)\Windows Kits\10\Include\10.0.10240.0\ucrt\stdio.h(205): note: 参见“fopen”的声明
src\main.cpp(30): warning C4996: 'fopen': This function or variable may be unsafe. Consider using fopen_s instead. To disable deprecation, use _CRT_SECURE_NO_WARNINGS. See online help for details.
  C:\Program Files (x86)\Windows Kits\10\Include\10.0.10240.0\ucrt\stdio.h(205): note: 参见“fopen”的声明
src\main.cpp(58): warning C4018: “<”: 有符号/无符号不匹配
src\main.cpp(59): warning C4018: “<”: 有符号/无符号不匹配
src\main.cpp(60): warning C4018: “<”: 有符号/无符号不匹配
  marchingCubes.cpp
src\marchingCubes.cpp(79): warning C4244: “初始化”: 从“double”转换到“float”，可能丢失数据
src\marchingCubes.cpp(80): warning C4244: “初始化”: 从“double”转换到“float”，可能丢失数据
  marchingCubesExtended.cpp
src\marchingCubesExtended.cpp(6): warning C4244: “初始化”: 从“double”转换到“float”，可能丢失数据
src\marchingCubesExtended.cpp(129): warning C4244: “初始化”: 从“double”转换到“float”，可能丢失数据
src\marchingCubesExtended.cpp(130): warning C4244: “初始化”: 从“double”转换到“float”，可能丢失数据
src\marchingCubesExtended.cpp(148): warning C4267: “初始化”: 从“size_t”转换到“unsigned int”，可能丢失数据
  mcTable.cpp
  正在生成代码
  90 of 5428 functions ( 1.7%) were compiled, the rest were copied from previous compilation.
    0 functions were new in current compilation
    49 functions had inline decision re-evaluated but remain unchanged
  已完成代码的生成
  surfRecon.vcxproj -> C:\Users\ustc\Desktop\surfRecon\bin\surfRecon.exe
