  mcTable.cpp
  marchingCubesDual.cpp
  marchingCubes.cpp
c:\users\ustc\desktop\surfrecon\src\marchingcubes.cpp(79): warning C4244: “初始化”: 从“double”转换到“float”，可能丢失数据
c:\users\ustc\desktop\surfrecon\src\marchingcubes.cpp(80): warning C4244: “初始化”: 从“double”转换到“float”，可能丢失数据
d:\program files\visual studio 2015\vc\include\numeric(113): warning C4996: 'std::_Inner_product2': Function call with parameters that may be unsafe - this call relies on the caller to check that the passed values are correct. To disable this warning, use -D_SCL_SECURE_NO_WARNINGS. See documentation on how to use Visual C++ 'Checked Iterators'
  d:\program files\visual studio 2015\vc\include\numeric(92): note: 参见“std::_Inner_product2”的声明
  d:\program files\visual studio 2015\vc\include\numeric(144): note: 参见对正在编译的函数 模板 实例化“_Ty std::inner_product<_InIt1,_InIt2,_Ty,std::plus<void>,std::multiplies<void>>(_InIt1,_InIt1,_InIt2,_Ty,_Fn21,_Fn22)”的引用
          with
          [
              _Ty=double,
              _InIt1=const double *,
              _InIt2=const double *,
              _Fn21=std::plus<void>,
              _Fn22=std::multiplies<void>
          ]
  c:\users\ustc\desktop\surfrecon\inc\openmesh\core\geometry\vector11t.hh(386): note: 参见对正在编译的函数 模板 实例化“_Ty std::inner_product<const Scalar*,const Scalar*,Scalar>(_InIt1,_InIt1,_InIt2,_Ty)”的引用
          with
          [
              _Ty=double,
              Scalar=double,
              _InIt1=const double *,
              _InIt2=const double *
          ]
  c:\users\ustc\desktop\surfrecon\inc\openmesh\core\geometry\vector11t.hh(700): note: 参见对正在编译的函数 模板 实例化“Scalar OpenMesh::VectorT<Scalar,3>::operator |<double>(const OpenMesh::VectorT<Scalar,3> &) const”的引用
          with
          [
              Scalar=double
          ]
  c:\users\ustc\desktop\surfrecon\inc\openmesh\core\geometry\vector11t.hh(700): note: 参见对正在编译的函数 模板 实例化“Scalar OpenMesh::VectorT<Scalar,3>::operator |<double>(const OpenMesh::VectorT<Scalar,3> &) const”的引用
          with
          [
              Scalar=double
          ]
  c:\users\ustc\desktop\surfrecon\inc\openmesh\core\mesh\polymesht.cc(363): note: 参见对正在编译的函数 模板 实例化“Scalar OpenMesh::dot<double,3>(const OpenMesh::VectorT<Scalar,3> &,const OpenMesh::VectorT<Scalar,3> &)”的引用
          with
          [
              Scalar=double
          ]
  c:\users\ustc\desktop\surfrecon\inc\openmesh\core\mesh\polymesht.cc(343): note: 编译类 模板 成员函数“bool OpenMesh::PolyMeshT<Kernel>::is_estimated_feature_edge(OpenMesh::HalfedgeHandle,const double) const”时
          with
          [
              Kernel=OpenMesh::AttribKernelT<OpenMesh::FinalMeshItemsT<MyTraits,true>,OpenMesh::TriConnectivity>
          ]
  c:\users\ustc\desktop\surfrecon\inc\openmesh\core\mesh\polymesht.cc(300): note: 参见对正在编译的函数 模板 实例化“bool OpenMesh::PolyMeshT<Kernel>::is_estimated_feature_edge(OpenMesh::HalfedgeHandle,const double) const”的引用
          with
          [
              Kernel=OpenMesh::AttribKernelT<OpenMesh::FinalMeshItemsT<MyTraits,true>,OpenMesh::TriConnectivity>
          ]
  c:\users\ustc\desktop\surfrecon\inc\openmesh\core\mesh\trimesht.cc(80): note: 编译类 模板 成员函数“OpenMesh::VectorT<double,3> OpenMesh::TriMeshT<OpenMesh::AttribKernelT<OpenMesh::FinalMeshItemsT<Traits,true>,OpenMesh::TriConnectivity>>::calc_face_normal(OpenMesh::FaceHandle) const”时
          with
          [
              Traits=MyTraits
          ]
  c:\users\ustc\desktop\surfrecon\inc\openmesh\core\mesh\trimesh_arraykernelt.hh(100): note: 参见对正在编译的类 模板 实例化“OpenMesh::TriMeshT<OpenMesh::AttribKernelT<OpenMesh::FinalMeshItemsT<Traits,true>,OpenMesh::TriConnectivity>>”的引用
          with
          [
              Traits=MyTraits
          ]
  c:\users\ustc\desktop\surfrecon\src\marchingcubes.h(18): note: 参见对正在编译的类 模板 实例化“OpenMesh::TriMesh_ArrayKernelT<MyTraits>”的引用
  main.cpp
c:\users\ustc\desktop\surfrecon\src\main.cpp(15): warning C4996: 'fopen': This function or variable may be unsafe. Consider using fopen_s instead. To disable deprecation, use _CRT_SECURE_NO_WARNINGS. See online help for details.
  c:\program files (x86)\windows kits\10\include\10.0.10240.0\ucrt\stdio.h(205): note: 参见“fopen”的声明
c:\users\ustc\desktop\surfrecon\src\main.cpp(30): warning C4996: 'fopen': This function or variable may be unsafe. Consider using fopen_s instead. To disable deprecation, use _CRT_SECURE_NO_WARNINGS. See online help for details.
  c:\program files (x86)\windows kits\10\include\10.0.10240.0\ucrt\stdio.h(205): note: 参见“fopen”的声明
c:\users\ustc\desktop\surfrecon\src\main.cpp(58): warning C4018: “<”: 有符号/无符号不匹配
c:\users\ustc\desktop\surfrecon\src\main.cpp(59): warning C4018: “<”: 有符号/无符号不匹配
c:\users\ustc\desktop\surfrecon\src\main.cpp(60): warning C4018: “<”: 有符号/无符号不匹配
d:\program files\visual studio 2015\vc\include\numeric(113): warning C4996: 'std::_Inner_product2': Function call with parameters that may be unsafe - this call relies on the caller to check that the passed values are correct. To disable this warning, use -D_SCL_SECURE_NO_WARNINGS. See documentation on how to use Visual C++ 'Checked Iterators'
  d:\program files\visual studio 2015\vc\include\numeric(92): note: 参见“std::_Inner_product2”的声明
  d:\program files\visual studio 2015\vc\include\numeric(144): note: 参见对正在编译的函数 模板 实例化“_Ty std::inner_product<_InIt1,_InIt2,_Ty,std::plus<void>,std::multiplies<void>>(_InIt1,_InIt1,_InIt2,_Ty,_Fn21,_Fn22)”的引用
          with
          [
              _Ty=double,
              _InIt1=const double *,
              _InIt2=const double *,
              _Fn21=std::plus<void>,
              _Fn22=std::multiplies<void>
          ]
  c:\users\ustc\desktop\surfrecon\inc\openmesh\core\geometry\vector11t.hh(386): note: 参见对正在编译的函数 模板 实例化“_Ty std::inner_product<const Scalar*,const Scalar*,Scalar>(_InIt1,_InIt1,_InIt2,_Ty)”的引用
          with
          [
              _Ty=double,
              Scalar=double,
              _InIt1=const double *,
              _InIt2=const double *
          ]
  c:\users\ustc\desktop\surfrecon\inc\openmesh\core\geometry\vector11t.hh(700): note: 参见对正在编译的函数 模板 实例化“Scalar OpenMesh::VectorT<Scalar,3>::operator |<double>(const OpenMesh::VectorT<Scalar,3> &) const”的引用
          with
          [
              Scalar=double
          ]
  c:\users\ustc\desktop\surfrecon\inc\openmesh\core\geometry\vector11t.hh(700): note: 参见对正在编译的函数 模板 实例化“Scalar OpenMesh::VectorT<Scalar,3>::operator |<double>(const OpenMesh::VectorT<Scalar,3> &) const”的引用
          with
          [
              Scalar=double
          ]
  c:\users\ustc\desktop\surfrecon\inc\openmesh\core\mesh\polymesht.cc(363): note: 参见对正在编译的函数 模板 实例化“Scalar OpenMesh::dot<double,3>(const OpenMesh::VectorT<Scalar,3> &,const OpenMesh::VectorT<Scalar,3> &)”的引用
          with
          [
              Scalar=double
          ]
  c:\users\ustc\desktop\surfrecon\inc\openmesh\core\mesh\polymesht.cc(343): note: 编译类 模板 成员函数“bool OpenMesh::PolyMeshT<Kernel>::is_estimated_feature_edge(OpenMesh::HalfedgeHandle,const double) const”时
          with
          [
              Kernel=OpenMesh::AttribKernelT<OpenMesh::FinalMeshItemsT<MyTraits,true>,OpenMesh::TriConnectivity>
          ]
  c:\users\ustc\desktop\surfrecon\inc\openmesh\core\mesh\polymesht.cc(300): note: 参见对正在编译的函数 模板 实例化“bool OpenMesh::PolyMeshT<Kernel>::is_estimated_feature_edge(OpenMesh::HalfedgeHandle,const double) const”的引用
          with
          [
              Kernel=OpenMesh::AttribKernelT<OpenMesh::FinalMeshItemsT<MyTraits,true>,OpenMesh::TriConnectivity>
          ]
  c:\users\ustc\desktop\surfrecon\inc\openmesh\core\mesh\trimesht.cc(80): note: 编译类 模板 成员函数“OpenMesh::VectorT<double,3> OpenMesh::TriMeshT<OpenMesh::AttribKernelT<OpenMesh::FinalMeshItemsT<Traits,true>,OpenMesh::TriConnectivity>>::calc_face_normal(OpenMesh::FaceHandle) const”时
          with
          [
              Traits=MyTraits
          ]
  c:\users\ustc\desktop\surfrecon\inc\openmesh\core\mesh\trimesh_arraykernelt.hh(100): note: 参见对正在编译的类 模板 实例化“OpenMesh::TriMeshT<OpenMesh::AttribKernelT<OpenMesh::FinalMeshItemsT<Traits,true>,OpenMesh::TriConnectivity>>”的引用
          with
          [
              Traits=MyTraits
          ]
  c:\users\ustc\desktop\surfrecon\src\marchingcubes.h(18): note: 参见对正在编译的类 模板 实例化“OpenMesh::TriMesh_ArrayKernelT<MyTraits>”的引用
  grid.cpp
c:\users\ustc\desktop\surfrecon\src\grid.cpp(339): warning C4244: “初始化”: 从“double”转换到“unsigned int”，可能丢失数据
  marchingCubesExtended.cpp
c:\users\ustc\desktop\surfrecon\src\marchingcubesextended.cpp(6): warning C4244: “初始化”: 从“double”转换到“float”，可能丢失数据
c:\users\ustc\desktop\surfrecon\src\marchingcubesextended.cpp(129): warning C4244: “初始化”: 从“double”转换到“float”，可能丢失数据
c:\users\ustc\desktop\surfrecon\src\marchingcubesextended.cpp(130): warning C4244: “初始化”: 从“double”转换到“float”，可能丢失数据
c:\users\ustc\desktop\surfrecon\src\marchingcubesextended.cpp(148): warning C4267: “初始化”: 从“size_t”转换到“unsigned int”，可能丢失数据
d:\program files\visual studio 2015\vc\include\numeric(113): warning C4996: 'std::_Inner_product2': Function call with parameters that may be unsafe - this call relies on the caller to check that the passed values are correct. To disable this warning, use -D_SCL_SECURE_NO_WARNINGS. See documentation on how to use Visual C++ 'Checked Iterators'
  d:\program files\visual studio 2015\vc\include\numeric(92): note: 参见“std::_Inner_product2”的声明
  d:\program files\visual studio 2015\vc\include\numeric(144): note: 参见对正在编译的函数 模板 实例化“_Ty std::inner_product<_InIt1,_InIt2,_Ty,std::plus<void>,std::multiplies<void>>(_InIt1,_InIt1,_InIt2,_Ty,_Fn21,_Fn22)”的引用
          with
          [
              _Ty=double,
              _InIt1=const double *,
              _InIt2=const double *,
              _Fn21=std::plus<void>,
              _Fn22=std::multiplies<void>
          ]
  c:\users\ustc\desktop\surfrecon\inc\openmesh\core\geometry\vector11t.hh(386): note: 参见对正在编译的函数 模板 实例化“_Ty std::inner_product<const Scalar*,const Scalar*,Scalar>(_InIt1,_InIt1,_InIt2,_Ty)”的引用
          with
          [
              _Ty=double,
              Scalar=double,
              _InIt1=const double *,
              _InIt2=const double *
          ]
  c:\users\ustc\desktop\surfrecon\src\marchingcubesextended.cpp(171): note: 参见对正在编译的函数 模板 实例化“Scalar OpenMesh::VectorT<Scalar,3>::operator |<double>(const OpenMesh::VectorT<Scalar,3> &) const”的引用
          with
          [
              Scalar=double
          ]
  c:\users\ustc\desktop\surfrecon\src\marchingcubesextended.cpp(171): note: 参见对正在编译的函数 模板 实例化“Scalar OpenMesh::VectorT<Scalar,3>::operator |<double>(const OpenMesh::VectorT<Scalar,3> &) const”的引用
          with
          [
              Scalar=double
          ]
  正在生成代码...
OpenMeshCored.lib(BinaryHelper.obj) : warning LNK4099: 未找到 PDB“OpenMeshCore.pdb”(使用“OpenMeshCored.lib(BinaryHelper.obj)”或在“C:\Users\ustc\Desktop\surfRecon\bin\OpenMeshCore.pdb”中寻找)；正在链接对象，如同没有调试信息一样
OpenMeshCored.lib(IOManager.obj) : warning LNK4099: 未找到 PDB“OpenMeshCore.pdb”(使用“OpenMeshCored.lib(IOManager.obj)”或在“C:\Users\ustc\Desktop\surfRecon\bin\OpenMeshCore.pdb”中寻找)；正在链接对象，如同没有调试信息一样
OpenMeshCored.lib(OMFormat.obj) : warning LNK4099: 未找到 PDB“OpenMeshCore.pdb”(使用“OpenMeshCored.lib(OMFormat.obj)”或在“C:\Users\ustc\Desktop\surfRecon\bin\OpenMeshCore.pdb”中寻找)；正在链接对象，如同没有调试信息一样
OpenMeshCored.lib(BaseReader.obj) : warning LNK4099: 未找到 PDB“OpenMeshCore.pdb”(使用“OpenMeshCored.lib(BaseReader.obj)”或在“C:\Users\ustc\Desktop\surfRecon\bin\OpenMeshCore.pdb”中寻找)；正在链接对象，如同没有调试信息一样
OpenMeshCored.lib(OBJReader.obj) : warning LNK4099: 未找到 PDB“OpenMeshCore.pdb”(使用“OpenMeshCored.lib(OBJReader.obj)”或在“C:\Users\ustc\Desktop\surfRecon\bin\OpenMeshCore.pdb”中寻找)；正在链接对象，如同没有调试信息一样
OpenMeshCored.lib(OFFReader.obj) : warning LNK4099: 未找到 PDB“OpenMeshCore.pdb”(使用“OpenMeshCored.lib(OFFReader.obj)”或在“C:\Users\ustc\Desktop\surfRecon\bin\OpenMeshCore.pdb”中寻找)；正在链接对象，如同没有调试信息一样
OpenMeshCored.lib(OMReader.obj) : warning LNK4099: 未找到 PDB“OpenMeshCore.pdb”(使用“OpenMeshCored.lib(OMReader.obj)”或在“C:\Users\ustc\Desktop\surfRecon\bin\OpenMeshCore.pdb”中寻找)；正在链接对象，如同没有调试信息一样
OpenMeshCored.lib(PLYReader.obj) : warning LNK4099: 未找到 PDB“OpenMeshCore.pdb”(使用“OpenMeshCored.lib(PLYReader.obj)”或在“C:\Users\ustc\Desktop\surfRecon\bin\OpenMeshCore.pdb”中寻找)；正在链接对象，如同没有调试信息一样
OpenMeshCored.lib(STLReader.obj) : warning LNK4099: 未找到 PDB“OpenMeshCore.pdb”(使用“OpenMeshCored.lib(STLReader.obj)”或在“C:\Users\ustc\Desktop\surfRecon\bin\OpenMeshCore.pdb”中寻找)；正在链接对象，如同没有调试信息一样
OpenMeshCored.lib(BaseWriter.obj) : warning LNK4099: 未找到 PDB“OpenMeshCore.pdb”(使用“OpenMeshCored.lib(BaseWriter.obj)”或在“C:\Users\ustc\Desktop\surfRecon\bin\OpenMeshCore.pdb”中寻找)；正在链接对象，如同没有调试信息一样
OpenMeshCored.lib(OBJWriter.obj) : warning LNK4099: 未找到 PDB“OpenMeshCore.pdb”(使用“OpenMeshCored.lib(OBJWriter.obj)”或在“C:\Users\ustc\Desktop\surfRecon\bin\OpenMeshCore.pdb”中寻找)；正在链接对象，如同没有调试信息一样
OpenMeshCored.lib(OFFWriter.obj) : warning LNK4099: 未找到 PDB“OpenMeshCore.pdb”(使用“OpenMeshCored.lib(OFFWriter.obj)”或在“C:\Users\ustc\Desktop\surfRecon\bin\OpenMeshCore.pdb”中寻找)；正在链接对象，如同没有调试信息一样
OpenMeshCored.lib(OMWriter.obj) : warning LNK4099: 未找到 PDB“OpenMeshCore.pdb”(使用“OpenMeshCored.lib(OMWriter.obj)”或在“C:\Users\ustc\Desktop\surfRecon\bin\OpenMeshCore.pdb”中寻找)；正在链接对象，如同没有调试信息一样
OpenMeshCored.lib(PLYWriter.obj) : warning LNK4099: 未找到 PDB“OpenMeshCore.pdb”(使用“OpenMeshCored.lib(PLYWriter.obj)”或在“C:\Users\ustc\Desktop\surfRecon\bin\OpenMeshCore.pdb”中寻找)；正在链接对象，如同没有调试信息一样
OpenMeshCored.lib(STLWriter.obj) : warning LNK4099: 未找到 PDB“OpenMeshCore.pdb”(使用“OpenMeshCored.lib(STLWriter.obj)”或在“C:\Users\ustc\Desktop\surfRecon\bin\OpenMeshCore.pdb”中寻找)；正在链接对象，如同没有调试信息一样
OpenMeshCored.lib(ArrayKernel.obj) : warning LNK4099: 未找到 PDB“OpenMeshCore.pdb”(使用“OpenMeshCored.lib(ArrayKernel.obj)”或在“C:\Users\ustc\Desktop\surfRecon\bin\OpenMeshCore.pdb”中寻找)；正在链接对象，如同没有调试信息一样
OpenMeshCored.lib(PolyConnectivity.obj) : warning LNK4099: 未找到 PDB“OpenMeshCore.pdb”(使用“OpenMeshCored.lib(PolyConnectivity.obj)”或在“C:\Users\ustc\Desktop\surfRecon\bin\OpenMeshCore.pdb”中寻找)；正在链接对象，如同没有调试信息一样
OpenMeshCored.lib(TriConnectivity.obj) : warning LNK4099: 未找到 PDB“OpenMeshCore.pdb”(使用“OpenMeshCored.lib(TriConnectivity.obj)”或在“C:\Users\ustc\Desktop\surfRecon\bin\OpenMeshCore.pdb”中寻找)；正在链接对象，如同没有调试信息一样
OpenMeshCored.lib(omstream.obj) : warning LNK4099: 未找到 PDB“OpenMeshCore.pdb”(使用“OpenMeshCored.lib(omstream.obj)”或在“C:\Users\ustc\Desktop\surfRecon\bin\OpenMeshCore.pdb”中寻找)；正在链接对象，如同没有调试信息一样
OpenMeshCored.lib(BaseProperty.obj) : warning LNK4099: 未找到 PDB“OpenMeshCore.pdb”(使用“OpenMeshCored.lib(BaseProperty.obj)”或在“C:\Users\ustc\Desktop\surfRecon\bin\OpenMeshCore.pdb”中寻找)；正在链接对象，如同没有调试信息一样
OpenMeshCored.lib(Endian.obj) : warning LNK4099: 未找到 PDB“OpenMeshCore.pdb”(使用“OpenMeshCored.lib(Endian.obj)”或在“C:\Users\ustc\Desktop\surfRecon\bin\OpenMeshCore.pdb”中寻找)；正在链接对象，如同没有调试信息一样
  surfRecon.vcxproj -> C:\Users\ustc\Desktop\surfRecon\bin\surfRecon.exe
